# JRE version: OpenJDK Runtime Environment OpenLogic-OpenJDK (11.0.22+7) (build 11.0.22+7-adhoc..jdk11u)
# Java VM: OpenJDK 64-Bit Server VM OpenLogic-OpenJDK (11.0.22+7-adhoc..jdk11u, mixed mode, tiered, compressed oops, g1 gc, windows-amd64)
Heap:
 garbage-first heap   total 626688K, used 51628K [0x000000042c800000, 0x0000000629a00000)
  region size 2048K, 4 young (8192K), 4 survivors (8192K)
 Metaspace       used 46750K, capacity 47287K, committed 47532K, reserved 1091584K
  class space    used 5410K, capacity 5632K, committed 5632K, reserved 1048576K
GC Heap History (11 events):
Event: 0.514 GC heap before
{Heap before GC invocations=0 (full 0):
 garbage-first heap   total 522240K, used 26624K [0x000000042c800000, 0x0000000629a00000)
  region size 2048K, 12 young (24576K), 0 survivors (0K)
 Metaspace       used 11697K, capacity 11826K, committed 11904K, reserved 1060864K
  class space    used 1060K, capacity 1109K, committed 1152K, reserved 1048576K
}
Event: 0.517 GC heap after
{Heap after GC invocations=1 (full 0):
 garbage-first heap   total 522240K, used 6662K [0x000000042c800000, 0x0000000629a00000)
  region size 2048K, 2 young (4096K), 2 survivors (4096K)
 Metaspace       used 11697K, capacity 11826K, committed 11904K, reserved 1060864K
  class space    used 1060K, capacity 1109K, committed 1152K, reserved 1048576K
}
Event: 1.167 GC heap before
{Heap before GC invocations=1 (full 0):
 garbage-first heap   total 522240K, used 45574K [0x000000042c800000, 0x0000000629a00000)
  region size 2048K, 22 young (45056K), 2 survivors (4096K)
 Metaspace       used 20861K, capacity 21174K, committed 21248K, reserved 1069056K
  class space    used 2187K, capacity 2273K, committed 2304K, reserved 1048576K
}
Event: 1.177 GC heap after
{Heap after GC invocations=2 (full 0):
 garbage-first heap   total 522240K, used 10452K [0x000000042c800000, 0x0000000629a00000)
  region size 2048K, 4 young (8192K), 4 survivors (8192K)
 Metaspace       used 20861K, capacity 21174K, committed 21248K, reserved 1069056K
  class space    used 2187K, capacity 2273K, committed 2304K, reserved 1048576K
}
Event: 1.929 GC heap before
{Heap before GC invocations=3 (full 0):
 garbage-first heap   total 522240K, used 96468K [0x000000042c800000, 0x0000000629a00000)
  region size 2048K, 40 young (81920K), 4 survivors (8192K)
 Metaspace       used 31546K, capacity 32102K, committed 32384K, reserved 1077248K
  class space    used 3718K, capacity 3911K, committed 3968K, reserved 1048576K
}
Event: 1.941 GC heap after
{Heap after GC invocations=4 (full 0):
 garbage-first heap   total 522240K, used 30515K [0x000000042c800000, 0x0000000629a00000)
  region size 2048K, 5 young (10240K), 5 survivors (10240K)
 Metaspace       used 31546K, capacity 32102K, committed 32384K, reserved 1077248K
  class space    used 3718K, capacity 3911K, committed 3968K, reserved 1048576K
}
Event: 2.310 GC heap before
{Heap before GC invocations=4 (full 0):
 garbage-first heap   total 522240K, used 59187K [0x000000042c800000, 0x0000000629a00000)
  region size 2048K, 19 young (38912K), 5 survivors (10240K)
 Metaspace       used 34682K, capacity 35228K, committed 35456K, reserved 1081344K
  class space    used 4195K, capacity 4434K, committed 4480K, reserved 1048576K
}
Event: 2.320 GC heap after
{Heap after GC invocations=5 (full 0):
 garbage-first heap   total 522240K, used 33810K [0x000000042c800000, 0x0000000629a00000)
  region size 2048K, 3 young (6144K), 3 survivors (6144K)
 Metaspace       used 34682K, capacity 35228K, committed 35456K, reserved 1081344K
  class space    used 4195K, capacity 4434K, committed 4480K, reserved 1048576K
}
Event: 2.364 GC heap before
{Heap before GC invocations=5 (full 0):
 garbage-first heap   total 522240K, used 33810K [0x000000042c800000, 0x0000000629a00000)
  region size 2048K, 4 young (8192K), 3 survivors (6144K)
 Metaspace       used 34910K, capacity 35426K, committed 35628K, reserved 1081344K
  class space    used 4215K, capacity 4435K, committed 4480K, reserved 1048576K
}
Event: 2.368 GC heap after
{Heap after GC invocations=6 (full 0):
 garbage-first heap   total 522240K, used 34683K [0x000000042c800000, 0x0000000629a00000)
  region size 2048K, 1 young (2048K), 1 survivors (2048K)
 Metaspace       used 34910K, capacity 35426K, committed 35628K, reserved 1081344K
  class space    used 4215K, capacity 4435K, committed 4480K, reserved 1048576K
}
Event: 3.242 GC heap before
{Heap before GC invocations=7 (full 0):
 garbage-first heap   total 522240K, used 104315K [0x000000042c800000, 0x0000000629a00000)
  region size 2048K, 31 young (63488K), 1 survivors (2048K)
 Metaspace       used 46750K, capacity 47287K, committed 47532K, reserved 1091584K
  class space    used 5410K, capacity 5632K, committed 5632K, reserved 1048576K
}

